00:00:00.000121 main     VirtualBox XPCOM Server 6.1.22 r144080 linux.amd64 (May 11 2021 19:59:25) release log
00:00:00.000123 main     Log opened 2021-05-17T20:37:30.668528000Z
00:00:00.000123 main     Build Type: release
00:00:00.000124 main     OS Product: Linux
00:00:00.000125 main     OS Release: 5.12.3-arch1-1
00:00:00.000126 main     OS Version: #1 SMP PREEMPT Wed, 12 May 2021 17:54:18 +0000
00:00:00.000139 main     DMI Product Name: MS-7C09
00:00:00.000144 main     DMI Product Version: 1.0
00:00:00.000148 main     Firmware type: BIOS
00:00:00.000168 main     Host RAM: 15947MB (15.5GB) total, 13559MB (13.2GB) available
00:00:00.000170 main     Executable: /usr/lib/virtualbox/VBoxSVC
00:00:00.000170 main     Process ID: 36002
00:00:00.000170 main     Package type: LINUX_64BITS_GENERIC (OSE)
00:00:00.001258 main     IPC socket path: /tmp/.vbox-twitch-ipc/ipcd
00:00:00.105615 nspr-2   VirtualBox: object creation starts
00:00:00.105766 nspr-2   Home directory: '/home/twitch/.config/VirtualBox'
00:00:00.107868 nspr-2   HostDnsMonitor: initializing
00:00:00.108464 nspr-2   NAT: resolv.conf: nameserver 194.168.4.100
00:00:00.108497 nspr-2   NAT: resolv.conf: nameserver 194.168.8.100
00:00:00.108523 nspr-2   HostDnsMonitor: updating information
00:00:00.108574 nspr-2   HostDnsMonitor: old information
00:00:00.108582 nspr-2     no server entries
00:00:00.108590 nspr-2     no domain set
00:00:00.108597 nspr-2     no search string entries
00:00:00.108604 nspr-2   HostDnsMonitor: new information
00:00:00.108611 nspr-2     server 1: 194.168.4.100
00:00:00.108620 nspr-2     server 2: 194.168.8.100
00:00:00.108627 nspr-2     no domain set
00:00:00.108634 nspr-2     no search string entries
00:00:00.114222 nspr-2   Failed to open "/dev/vboxdrvu", errno=2, rc=VERR_VM_DRIVER_NOT_INSTALLED
00:00:00.115003 nspr-2   VD: VDInit finished with VINF_SUCCESS
00:00:00.115486 nspr-2   ERROR [COM]: aRC=NS_ERROR_FAILURE (0x80004005) aIID={027bc463-929c-40e8-bf16-fea557cd8e7e} aComponent={SystemPropertiesWrap} aText={Cannot determine default Guest Additions ISO location. Most likely they are not available}, preserve=false aResultDetail=0
00:00:00.116966 nspr-2   VirtualBox: object created
00:00:10.858611 nspr-2   Failed to open "/dev/vboxdrvu", errno=2, rc=VERR_VM_DRIVER_NOT_INSTALLED
00:00:10.860844 nspr-2   Failed to open "/dev/vboxdrvu", errno=2, rc=VERR_VM_DRIVER_NOT_INSTALLED
00:00:44.234570 createBase Saving settings file "/home/twitch/.config/VirtualBox/VirtualBox.xml" with version "1.12-linux"
00:00:44.799801 nspr-2   Saving settings file "/home/twitch/VirtualBox VMs/Arch/Arch.vbox" with version "1.16-linux"
00:00:44.809590 nspr-4   WARNING [COM]: aRC=NS_ERROR_FAILURE (0x80004005) aIID={16ced992-5fdc-4aba-aff5-6a39bbd7c38b} aComponent={HostWrap} aText={Could not load the Host USB Proxy service: VERR_NOT_FOUND}, preserve=true  aResultDetail=0
00:00:44.810907 nspr-3   Saving settings file "/home/twitch/VirtualBox VMs/Arch/Arch.vbox" with version "1.16-linux"
00:00:44.817993 nspr-3   Saving settings file "/home/twitch/.config/VirtualBox/VirtualBox.xml" with version "1.12-linux"
00:00:44.832684 nspr-2   Saving settings file "/home/twitch/.config/VirtualBox/VirtualBox.xml" with version "1.12-linux"
00:00:44.842265 nspr-2   Saving settings file "/home/twitch/VirtualBox VMs/Arch/Arch.vbox" with version "1.16-linux"
00:00:45.265624 nspr-3   WARNING [COM]: aRC=NS_ERROR_FAILURE (0x80004005) aIID={16ced992-5fdc-4aba-aff5-6a39bbd7c38b} aComponent={HostWrap} aText={Could not load the Host USB Proxy service: VERR_NOT_FOUND}, preserve=true  aResultDetail=0
00:00:45.323872 nspr-3   Failed to open "/dev/vboxdrvu", errno=2, rc=VERR_VM_DRIVER_NOT_INSTALLED
00:00:45.465405 nspr-4   WARNING [COM]: aRC=NS_ERROR_FAILURE (0x80004005) aIID={16ced992-5fdc-4aba-aff5-6a39bbd7c38b} aComponent={HostWrap} aText={Could not load the Host USB Proxy service: VERR_NOT_FOUND}, preserve=true  aResultDetail=0
00:00:45.466219 nspr-4   WARNING [COM]: aRC=NS_ERROR_FAILURE (0x80004005) aIID={16ced992-5fdc-4aba-aff5-6a39bbd7c38b} aComponent={HostWrap} aText={Could not load the Host USB Proxy service: VERR_NOT_FOUND}, preserve=true  aResultDetail=0
00:00:50.012536 nspr-3   Failed to open "/dev/vboxdrvu", errno=2, rc=VERR_VM_DRIVER_NOT_INSTALLED
00:00:50.142258 nspr-3   WARNING [COM]: aRC=NS_ERROR_FAILURE (0x80004005) aIID={16ced992-5fdc-4aba-aff5-6a39bbd7c38b} aComponent={HostWrap} aText={Could not load the Host USB Proxy service: VERR_NOT_FOUND}, preserve=true  aResultDetail=0
00:00:50.638179 nspr-4   Failed to open "/dev/vboxdrvu", errno=2, rc=VERR_VM_DRIVER_NOT_INSTALLED
00:00:50.638264 nspr-3   Failed to open "/dev/vboxdrvu", errno=2, rc=VERR_VM_DRIVER_NOT_INSTALLED
00:00:50.638337 nspr-4   Failed to open "/dev/vboxdrvu", errno=2, rc=VERR_VM_DRIVER_NOT_INSTALLED
00:00:50.655510 nspr-3   WARNING [COM]: aRC=NS_ERROR_FAILURE (0x80004005) aIID={16ced992-5fdc-4aba-aff5-6a39bbd7c38b} aComponent={HostWrap} aText={Could not load the Host USB Proxy service: VERR_NOT_FOUND}, preserve=true  aResultDetail=0
00:00:50.655852 nspr-4   WARNING [COM]: aRC=NS_ERROR_FAILURE (0x80004005) aIID={16ced992-5fdc-4aba-aff5-6a39bbd7c38b} aComponent={HostWrap} aText={Could not load the Host USB Proxy service: VERR_NOT_FOUND}, preserve=true  aResultDetail=0
00:00:50.731293 nspr-3   Failed to open "/dev/vboxdrvu", errno=2, rc=VERR_VM_DRIVER_NOT_INSTALLED
00:00:50.738044 nspr-3   WARNING [COM]: aRC=NS_ERROR_FAILURE (0x80004005) aIID={16ced992-5fdc-4aba-aff5-6a39bbd7c38b} aComponent={HostWrap} aText={Could not load the Host USB Proxy service: VERR_NOT_FOUND}, preserve=true  aResultDetail=0
00:00:50.738609 nspr-3   WARNING [COM]: aRC=NS_ERROR_FAILURE (0x80004005) aIID={16ced992-5fdc-4aba-aff5-6a39bbd7c38b} aComponent={HostWrap} aText={Could not load the Host USB Proxy service: VERR_NOT_FOUND}, preserve=true  aResultDetail=0
00:01:09.041344 nspr-2   Saving settings file "/home/twitch/.config/VirtualBox/VirtualBox.xml" with version "1.12-linux"
00:01:09.051170 nspr-4   Saving settings file "/home/twitch/.config/VirtualBox/VirtualBox.xml" with version "1.12-linux"
00:01:11.497260 nspr-2   Saving settings file "/home/twitch/.config/VirtualBox/VirtualBox.xml" with version "1.12-linux"
00:01:11.533288 nspr-2   WARNING [COM]: aRC=NS_ERROR_FAILURE (0x80004005) aIID={16ced992-5fdc-4aba-aff5-6a39bbd7c38b} aComponent={HostWrap} aText={Could not load the Host USB Proxy service: VERR_NOT_FOUND}, preserve=true  aResultDetail=0
00:01:11.533488 nspr-2   Saving settings file "/home/twitch/VirtualBox VMs/Arch/Arch.vbox" with version "1.16-linux"
00:01:11.574209 nspr-2   Failed to open "/dev/vboxdrvu", errno=2, rc=VERR_VM_DRIVER_NOT_INSTALLED
00:01:11.584966 nspr-2   WARNING [COM]: aRC=NS_ERROR_FAILURE (0x80004005) aIID={16ced992-5fdc-4aba-aff5-6a39bbd7c38b} aComponent={HostWrap} aText={Could not load the Host USB Proxy service: VERR_NOT_FOUND}, preserve=true  aResultDetail=0
00:01:11.585552 nspr-2   WARNING [COM]: aRC=NS_ERROR_FAILURE (0x80004005) aIID={16ced992-5fdc-4aba-aff5-6a39bbd7c38b} aComponent={HostWrap} aText={Could not load the Host USB Proxy service: VERR_NOT_FOUND}, preserve=true  aResultDetail=0
00:01:12.470611 nspr-2   Launched VM: 4094244768 pid: 36065 (0x8ce1) frontend: GUI/Qt name: Arch
00:01:12.513283 nspr-2   Failed to open "/dev/vboxdrvu", errno=2, rc=VERR_VM_DRIVER_NOT_INSTALLED
00:01:12.532975 nspr-2   WARNING [COM]: aRC=NS_ERROR_FAILURE (0x80004005) aIID={16ced992-5fdc-4aba-aff5-6a39bbd7c38b} aComponent={HostWrap} aText={Could not load the Host USB Proxy service: VERR_NOT_FOUND}, preserve=true  aResultDetail=0
00:01:12.533574 nspr-2   WARNING [COM]: aRC=NS_ERROR_FAILURE (0x80004005) aIID={16ced992-5fdc-4aba-aff5-6a39bbd7c38b} aComponent={HostWrap} aText={Could not load the Host USB Proxy service: VERR_NOT_FOUND}, preserve=true  aResultDetail=0
00:01:12.971295 Watcher  ERROR [COM]: aRC=NS_ERROR_FAILURE (0x80004005) aIID={85632c68-b5bb-4316-a900-5eb28d3413df} aComponent={MachineWrap} aText={The virtual machine 'Arch' has terminated unexpectedly during startup with exit code 1 (0x1)}, preserve=false aResultDetail=0
00:01:13.541127 nspr-3   Failed to open "/dev/vboxdrvu", errno=2, rc=VERR_VM_DRIVER_NOT_INSTALLED
00:01:13.557509 nspr-2   WARNING [COM]: aRC=NS_ERROR_FAILURE (0x80004005) aIID={16ced992-5fdc-4aba-aff5-6a39bbd7c38b} aComponent={HostWrap} aText={Could not load the Host USB Proxy service: VERR_NOT_FOUND}, preserve=true  aResultDetail=0
00:01:13.558261 nspr-2   WARNING [COM]: aRC=NS_ERROR_FAILURE (0x80004005) aIID={16ced992-5fdc-4aba-aff5-6a39bbd7c38b} aComponent={HostWrap} aText={Could not load the Host USB Proxy service: VERR_NOT_FOUND}, preserve=true  aResultDetail=0
00:01:30.313462 nspr-3   Failed to open "/dev/vboxdrvu", errno=2, rc=VERR_VM_DRIVER_NOT_INSTALLED
00:01:30.489582 nspr-3   WARNING [COM]: aRC=NS_ERROR_FAILURE (0x80004005) aIID={16ced992-5fdc-4aba-aff5-6a39bbd7c38b} aComponent={HostWrap} aText={Could not load the Host USB Proxy service: VERR_NOT_FOUND}, preserve=true  aResultDetail=0
00:01:30.985030 nspr-2   Failed to open "/dev/vboxdrvu", errno=2, rc=VERR_VM_DRIVER_NOT_INSTALLED
00:01:30.985118 nspr-3   Failed to open "/dev/vboxdrvu", errno=2, rc=VERR_VM_DRIVER_NOT_INSTALLED
00:01:30.985198 nspr-2   Failed to open "/dev/vboxdrvu", errno=2, rc=VERR_VM_DRIVER_NOT_INSTALLED
00:01:31.004723 nspr-2   WARNING [COM]: aRC=NS_ERROR_FAILURE (0x80004005) aIID={16ced992-5fdc-4aba-aff5-6a39bbd7c38b} aComponent={HostWrap} aText={Could not load the Host USB Proxy service: VERR_NOT_FOUND}, preserve=true  aResultDetail=0
00:01:31.005079 nspr-2   WARNING [COM]: aRC=NS_ERROR_FAILURE (0x80004005) aIID={16ced992-5fdc-4aba-aff5-6a39bbd7c38b} aComponent={HostWrap} aText={Could not load the Host USB Proxy service: VERR_NOT_FOUND}, preserve=true  aResultDetail=0
00:01:31.081798 nspr-3   Failed to open "/dev/vboxdrvu", errno=2, rc=VERR_VM_DRIVER_NOT_INSTALLED
00:01:31.088745 nspr-2   WARNING [COM]: aRC=NS_ERROR_FAILURE (0x80004005) aIID={16ced992-5fdc-4aba-aff5-6a39bbd7c38b} aComponent={HostWrap} aText={Could not load the Host USB Proxy service: VERR_NOT_FOUND}, preserve=true  aResultDetail=0
00:01:31.089331 nspr-2   WARNING [COM]: aRC=NS_ERROR_FAILURE (0x80004005) aIID={16ced992-5fdc-4aba-aff5-6a39bbd7c38b} aComponent={HostWrap} aText={Could not load the Host USB Proxy service: VERR_NOT_FOUND}, preserve=true  aResultDetail=0
00:01:32.034166 nspr-3   WARNING [COM]: aRC=NS_ERROR_FAILURE (0x80004005) aIID={16ced992-5fdc-4aba-aff5-6a39bbd7c38b} aComponent={HostWrap} aText={Could not load the Host USB Proxy service: VERR_NOT_FOUND}, preserve=true  aResultDetail=0
00:01:32.034377 nspr-3   Saving settings file "/home/twitch/VirtualBox VMs/Arch/Arch.vbox" with version "1.16-linux"
00:01:32.114856 nspr-3   Failed to open "/dev/vboxdrvu", errno=2, rc=VERR_VM_DRIVER_NOT_INSTALLED
00:01:32.125960 nspr-3   WARNING [COM]: aRC=NS_ERROR_FAILURE (0x80004005) aIID={16ced992-5fdc-4aba-aff5-6a39bbd7c38b} aComponent={HostWrap} aText={Could not load the Host USB Proxy service: VERR_NOT_FOUND}, preserve=true  aResultDetail=0
00:01:32.126839 nspr-3   WARNING [COM]: aRC=NS_ERROR_FAILURE (0x80004005) aIID={16ced992-5fdc-4aba-aff5-6a39bbd7c38b} aComponent={HostWrap} aText={Could not load the Host USB Proxy service: VERR_NOT_FOUND}, preserve=true  aResultDetail=0
00:01:34.412384 nspr-3   Saving settings file "/home/twitch/.config/VirtualBox/VirtualBox.xml" with version "1.12-linux"
00:01:36.679120 nspr-3   Saving settings file "/home/twitch/.config/VirtualBox/VirtualBox.xml" with version "1.12-linux"
00:01:36.699316 nspr-4   Saving settings file "/home/twitch/.config/VirtualBox/VirtualBox.xml" with version "1.12-linux"
00:01:36.712838 nspr-2   Saving settings file "/home/twitch/.config/VirtualBox/VirtualBox.xml" with version "1.12-linux"
00:01:36.739517 nspr-2   Saving settings file "/home/twitch/.config/VirtualBox/VirtualBox.xml" with version "1.12-linux"
00:01:36.756544 nspr-4   Saving settings file "/home/twitch/.config/VirtualBox/VirtualBox.xml" with version "1.12-linux"
00:01:36.775235 nspr-2   Saving settings file "/home/twitch/.config/VirtualBox/VirtualBox.xml" with version "1.12-linux"
00:01:36.789030 nspr-4   Saving settings file "/home/twitch/.config/VirtualBox/VirtualBox.xml" with version "1.12-linux"
00:01:42.319559 main     VirtualBox: object deletion starts
00:01:42.319790 main     HostDnsMonitor: shutting down ...
00:01:42.324233 main     HostDnsMonitor: shut down
00:01:42.552613 Watcher  ERROR [COM]: aRC=E_ACCESSDENIED (0x80070005) aIID={d0a0163f-e254-4e5b-a1f2-011cf991c38d} aComponent={VirtualBoxWrap} aText={The object is not ready}, preserve=false aResultDetail=0
00:01:47.324317 main     {00007f5bf4014ed0} HostPowerServiceLinux::~HostPowerServiceLinux: RTThreadWait() for 5000 ms failed with VERR_TIMEOUT
00:01:47.324508 main     VirtualBox: object deleted
